<?xml version="1.0" encoding="UTF-8"?>
<!-- Generated by org.testng.reporters.JUnitXMLReporter -->
<testsuite ignored="0" hostname="Admin-PC" failures="0" tests="3" name="Default test" time="65.54" errors="0" timestamp="2024-09-04T21:24:48 ICT">
  <testcase classname="automation.testsuite.Day16_Alert" name="verifyAlertMessage" time="0.482"/>
  <testcase classname="automation.testsuite.Day16_Alert" name="pressOkOnAlert" time="0.53"/>
  <testcase classname="automation.testsuite.Day16_Alert" name="pressCancelOnAlert" time="36.558"/>
</testsuite> <!-- Default test -->
