<?xml version="1.0" encoding="UTF-8"?>
<testng-results ignored="0" total="1" passed="1" failed="0" skipped="0">
  <reporter-output>
  </reporter-output>
  <suite started-at="2024-08-28T21:34:00 ICT" name="Default suite" finished-at="2024-08-28T21:34:11 ICT" duration-ms="10768">
    <groups>
    </groups>
    <test started-at="2024-08-28T21:34:00 ICT" name="Default test" finished-at="2024-08-28T21:34:11 ICT" duration-ms="10768">
      <class name="automation.testsuite.HandleDatePicker">
        <test-method is-config="true" signature="openChrome()[pri:0, instance:automation.testsuite.HandleDatePicker@4738a206]" started-at="2024-08-28T21:34:00 ICT" name="openChrome" finished-at="2024-08-28T21:34:08 ICT" duration-ms="7323" status="PASS">
          <reporter-output>
          </reporter-output>
        </test-method> <!-- openChrome -->
        <test-method signature="inputBirthDay()[pri:0, instance:automation.testsuite.HandleDatePicker@4738a206]" started-at="2024-08-28T21:34:08 ICT" name="inputBirthDay" finished-at="2024-08-28T21:34:11 ICT" duration-ms="3409" status="PASS">
          <reporter-output>
          </reporter-output>
        </test-method> <!-- inputBirthDay -->
      </class> <!-- automation.testsuite.HandleDatePicker -->
    </test> <!-- Default test -->
  </suite> <!-- Default suite -->
</testng-results>
