<?xml version="1.0" encoding="UTF-8"?>
<testng-results ignored="0" total="3" passed="3" failed="0" skipped="0">
  <reporter-output>
  </reporter-output>
  <suite started-at="2024-09-04T21:23:43 ICT" name="Default suite" finished-at="2024-09-04T21:24:48 ICT" duration-ms="65540">
    <groups>
    </groups>
    <test started-at="2024-09-04T21:23:43 ICT" name="Default test" finished-at="2024-09-04T21:24:48 ICT" duration-ms="65540">
      <class name="automation.testsuite.Day16_Alert">
        <test-method is-config="true" signature="openChrome()[pri:0, instance:automation.testsuite.Day16_Alert@58d75e99]" started-at="2024-09-04T21:23:43 ICT" name="openChrome" finished-at="2024-09-04T21:23:50 ICT" duration-ms="7104" status="PASS">
          <reporter-output>
          </reporter-output>
        </test-method> <!-- openChrome -->
        <test-method signature="verifyAlertMessage()[pri:1, instance:automation.testsuite.Day16_Alert@58d75e99]" started-at="2024-09-04T21:23:50 ICT" name="verifyAlertMessage" finished-at="2024-09-04T21:23:50 ICT" duration-ms="482" status="PASS">
          <reporter-output>
          </reporter-output>
        </test-method> <!-- verifyAlertMessage -->
        <test-method is-config="true" signature="openChrome()[pri:0, instance:automation.testsuite.Day16_Alert@58d75e99]" started-at="2024-09-04T21:23:50 ICT" name="openChrome" finished-at="2024-09-04T21:23:57 ICT" duration-ms="6594" status="PASS">
          <reporter-output>
          </reporter-output>
        </test-method> <!-- openChrome -->
        <test-method signature="pressOkOnAlert()[pri:2, instance:automation.testsuite.Day16_Alert@58d75e99]" started-at="2024-09-04T21:23:57 ICT" name="pressOkOnAlert" finished-at="2024-09-04T21:23:58 ICT" duration-ms="530" status="PASS">
          <reporter-output>
          </reporter-output>
        </test-method> <!-- pressOkOnAlert -->
        <test-method is-config="true" signature="openChrome()[pri:0, instance:automation.testsuite.Day16_Alert@58d75e99]" started-at="2024-09-04T21:23:58 ICT" name="openChrome" finished-at="2024-09-04T21:24:12 ICT" duration-ms="14230" status="PASS">
          <reporter-output>
          </reporter-output>
        </test-method> <!-- openChrome -->
        <test-method signature="pressCancelOnAlert()[pri:3, instance:automation.testsuite.Day16_Alert@58d75e99]" started-at="2024-09-04T21:24:12 ICT" name="pressCancelOnAlert" finished-at="2024-09-04T21:24:48 ICT" duration-ms="36558" status="PASS">
          <reporter-output>
          </reporter-output>
        </test-method> <!-- pressCancelOnAlert -->
      </class> <!-- automation.testsuite.Day16_Alert -->
    </test> <!-- Default test -->
  </suite> <!-- Default suite -->
</testng-results>
